<?xml version="1.0" encoding="UTF-8"?>
<!-- Generated by org.testng.reporters.JUnitReportReporter -->
<testsuite hostname="DESKTOP-A7FM5QJ" failures="0" tests="1" name="com.inetbanking.testCases.TC_AddCustomerTest_003" time="21.113" errors="0" timestamp="2022-02-16T19:49:14 IST" skipped="0">
  <testcase classname="com.inetbanking.testCases.TC_AddCustomerTest_003" name="addNewCustomer" time="21.113"/>
  <system-out/>
</testsuite> <!-- com.inetbanking.testCases.TC_AddCustomerTest_003 -->
